#
# There is insufficient memory for the Java Runtime Environment to continue.
# Native memory allocation (mmap) failed to map 65536 bytes for Failed to commit metaspace.
# Possible reasons:
#   The system is out of physical RAM or swap space
#   The process is running with CompressedOops enabled, and the Java Heap may be blocking the growth of the native heap
# Possible solutions:
#   Reduce memory load on the system
#   Increase physical memory or swap space
#   Check if swap backing store is full
#   Decrease Java heap size (-Xmx/-Xms)
#   Decrease number of Java threads
#   Decrease Java thread stack sizes (-Xss)
#   Set larger code cache with -XX:ReservedCodeCacheSize=
#   JVM is running with Zero Based Compressed Oops mode in which the Java heap is
#     placed in the first 32GB address space. The Java Heap base address is the
#     maximum limit for the native heap growth. Please use -XX:HeapBaseMinAddress
#     to set the Java Heap base and to place the Java Heap above 32GB virtual address.
# This output file may be truncated or incomplete.
#
#  Out of Memory Error (virtualSpaceNode.cpp:112), pid=25144, tid=1656
#
# JRE version: Java(TM) SE Runtime Environment Oracle GraalVM 21.0.7+8.1 (21.0.7+8) (build 21.0.7+8-LTS-jvmci-23.1-b60)
# Java VM: Java HotSpot(TM) 64-Bit Server VM Oracle GraalVM 21.0.7+8.1 (21.0.7+8-LTS-jvmci-23.1-b60, mixed mode, emulated-client, sharing, tiered, jvmci, jvmci compiler, compressed oops, compressed class ptrs, g1 gc, windows-amd64)
# No core dump will be written. Minidumps are not enabled by default on client versions of Windows
#

---------------  S U M M A R Y ------------

Command Line: -XX:ThreadPriorityPolicy=1 -XX:+UnlockExperimentalVMOptions -XX:+EnableJVMCIProduct -XX:-UnlockExperimentalVMOptions -XX:TieredStopAtLevel=1 -Dspring.output.ansi.enabled=always -Dcom.sun.management.jmxremote -Dspring.jmx.enabled=true -Dspring.liveBeansView.mbeanDomain -Dspring.application.admin.enabled=true -Dmanagement.endpoints.jmx.exposure.include=* -javaagent:C:\Program Files\JetBrains\IntelliJ IDEA 2023.2.2\lib\idea_rt.jar=49383:C:\Program Files\JetBrains\IntelliJ IDEA 2023.2.2\bin -Dfile.encoding=UTF-8 -Dsun.stdout.encoding=UTF-8 -Dsun.stderr.encoding=UTF-8 com.mywork.chatbot.ChatBotApplication

Host: 11th Gen Intel(R) Core(TM) i5-1135G7 @ 2.40GHz, 8 cores, 15G,  Windows 11 , 64 bit Build 26100 (10.0.26100.3775)
Time: Mon Jul 21 11:09:46 2025  Windows 11 , 64 bit Build 26100 (10.0.26100.3775) elapsed time: 2.193030 seconds (0d 0h 0m 2s)

---------------  T H R E A D  ---------------

Current thread (0x0000028e6f1bc720):  JavaThread "main"             [_thread_in_vm, id=1656, stack(0x000000c3f8600000,0x000000c3f8700000) (1024K)]

Stack: [0x000000c3f8600000,0x000000c3f8700000]
Native frames: (J=compiled Java code, j=interpreted, Vv=VM code, C=native code)
V  [jvm.dll+0x6d4769]
V  [jvm.dll+0x85f091]
V  [jvm.dll+0x8615be]
V  [jvm.dll+0x861c93]
V  [jvm.dll+0x27e3a6]
V  [jvm.dll+0x85acae]
V  [jvm.dll+0x6783a5]
V  [jvm.dll+0x1e436c]
V  [jvm.dll+0x1e413e]
V  [jvm.dll+0x67acd3]
V  [jvm.dll+0x67aaf2]
V  [jvm.dll+0x678d7e]
V  [jvm.dll+0x27b226]
V  [jvm.dll+0x72a135]
V  [jvm.dll+0x72ac7f]
V  [jvm.dll+0x3c29a8]
V  [jvm.dll+0x3c1a86]
V  [jvm.dll+0x3c1a28]
V  [jvm.dll+0x3d358a]
C  0x0000028e7b2895f4

The last pc belongs to new (printed below).
Java frames: (J=compiled Java code, j=interpreted, Vv=VM code)
j  org.springframework.beans.factory.support.AbstractAutowireCapableBeanFactory.applyPropertyValues(Ljava/lang/String;Lorg/springframework/beans/factory/config/BeanDefinition;Lorg/springframework/beans/BeanWrapper;Lorg/springframework/beans/PropertyValues;)V+108
j  org.springframework.beans.factory.support.AbstractAutowireCapableBeanFactory.populateBean(Ljava/lang/String;Lorg/springframework/beans/factory/support/RootBeanDefinition;Lorg/springframework/beans/BeanWrapper;)V+351
j  org.springframework.beans.factory.support.AbstractAutowireCapableBeanFactory.doCreateBean(Ljava/lang/String;Lorg/springframework/beans/factory/support/RootBeanDefinition;[Ljava/lang/Object;)Ljava/lang/Object;+220
j  org.springframework.beans.factory.support.AbstractAutowireCapableBeanFactory.createBean(Ljava/lang/String;Lorg/springframework/beans/factory/support/RootBeanDefinition;[Ljava/lang/Object;)Ljava/lang/Object;+153
j  org.springframework.beans.factory.support.AbstractBeanFactory.lambda$doGetBean$0(Ljava/lang/String;Lorg/springframework/beans/factory/support/RootBeanDefinition;[Ljava/lang/Object;)Ljava/lang/Object;+4
j  org.springframework.beans.factory.support.AbstractBeanFactory$$Lambda+0x0000028e07242240.getObject()Ljava/lang/Object;+16
j  org.springframework.beans.factory.support.DefaultSingletonBeanRegistry.getSingleton(Ljava/lang/String;Lorg/springframework/beans/factory/ObjectFactory;)Ljava/lang/Object;+897
j  org.springframework.beans.factory.support.AbstractBeanFactory.doGetBean(Ljava/lang/String;Ljava/lang/Class;[Ljava/lang/Object;Z)Ljava/lang/Object;+476
j  org.springframework.beans.factory.support.AbstractBeanFactory.getBean(Ljava/lang/String;Ljava/lang/Class;)Ljava/lang/Object;+5
j  org.springframework.context.support.PostProcessorRegistrationDelegate.invokeBeanFactoryPostProcessors(Lorg/springframework/beans/factory/config/ConfigurableListableBeanFactory;Ljava/util/List;)V+184
j  org.springframework.context.support.AbstractApplicationContext.invokeBeanFactoryPostProcessors(Lorg/springframework/beans/factory/config/ConfigurableListableBeanFactory;)V+5
j  org.springframework.context.support.AbstractApplicationContext.refresh()V+62
j  org.springframework.boot.web.servlet.context.ServletWebServerApplicationContext.refresh()V+1
j  org.springframework.boot.SpringApplication.refresh(Lorg/springframework/context/ConfigurableApplicationContext;)V+1
j  org.springframework.boot.SpringApplication.refreshContext(Lorg/springframework/context/ConfigurableApplicationContext;)V+19
j  org.springframework.boot.SpringApplication.run([Ljava/lang/String;)Lorg/springframework/context/ConfigurableApplicationContext;+113
j  org.springframework.boot.SpringApplication.run([Ljava/lang/Class;[Ljava/lang/String;)Lorg/springframework/context/ConfigurableApplicationContext;+9
j  org.springframework.boot.SpringApplication.run(Ljava/lang/Class;[Ljava/lang/String;)Lorg/springframework/context/ConfigurableApplicationContext;+9
j  com.mywork.chatbot.ChatBotApplication.main([Ljava/lang/String;)V+3
v  ~StubRoutines::call_stub 0x0000028e7b2710e7
new  187 new  [0x0000028e7b289460, 0x0000028e7b289668]  520 bytes
[MachCode]
  0x0000028e7b289460: 4883 ec08 | c5fa 1104 | 24eb 1f48 | 83ec 10c5 | fb11 0424 | eb14 4883 | ec10 4889 | 0424 48c7 
  0x0000028e7b289480: 4424 0800 | 0000 00eb | 0150 410f | b755 010f | cac1 ea10 | 488b 4de8 | 488b 4908 | 488b 4908 
  0x0000028e7b2894a0: 488b 4108 | 807c 1004 | 070f 85d3 | 0000 0066 | 8b54 d148 | 488b 4928 | 488b 4cd1 | 0851 80b9 
  0x0000028e7b2894c0: 2101 0000 | 040f 85b6 | 0000 008b | 5108 f6c2 | 010f 85aa | 0000 0049 | 8b87 b801 | 0000 488d 
  0x0000028e7b2894e0: 1c10 493b | 9fc8 0100 | 000f 8792 | 0000 0049 | 899f b801 | 0000 4883 | ea10 0f84 | 0f00 0000 
  0x0000028e7b289500: 33c9 c1ea | 0348 894c | d008 48ff | ca75 f648 | c700 0100 | 0000 5933 | f689 700c | 49ba 0000 
  0x0000028e7b289520: 0006 8e02 | 0000 492b | ca89 4808 | 49ba 61f8 | 57c8 fc7f | 0000 4180 | 3a00 0f84 | 3c00 0000 
  0x0000028e7b289540: 5048 8bc8 | 4883 ec20 | 40f6 c40f | 0f84 1900 | 0000 4883 | ec08 48b8 | e0a6 08c8 | fc7f 0000 
  0x0000028e7b289560: ffd0 4883 | c408 e90c | 0000 0048 | b8e0 a608 | c8fc 7f00 | 00ff d048 | 83c4 2058 | e9cb 0000 
  0x0000028e7b289580: 0059 488b | 55e8 488b | 5208 488b | 5208 450f | b745 0141 | 0fc8 41c1 | e810 e805 | 0000 00e9 
  0x0000028e7b2895a0: a800 0000 | 488d 4424 | 084c 896d | c049 8bcf | c5f8 7749 | 89af a803 | 0000 4989 | 8798 0300 
  0x0000028e7b2895c0: 0048 83ec | 2040 f6c4 | 0f0f 8419 | 0000 0048 | 83ec 0848 | b800 35d2 | c7fc 7f00 | 00ff d048 
  0x0000028e7b2895e0: 83c4 08e9 | 0c00 0000 | 48b8 0035 | d2c7 fc7f | 0000 ffd0 | 4883 c420 | 49c7 8798 | 0300 0000 
  0x0000028e7b289600: 0000 0049 | c787 a803 | 0000 0000 | 0000 49c7 | 87a0 0300 | 0000 0000 | 00c5 f877 | 4983 7f08 
  0x0000028e7b289620: 000f 8405 | 0000 00e9 | d478 feff | 498b 87f0 | 0300 0049 | c787 f003 | 0000 0000 | 0000 4c8b 
  0x0000028e7b289640: 6dc0 4c8b | 75c8 4e8d | 74f5 00c3 | 410f b65d | 0349 83c5 | 0349 ba50 | bc5a c8fc | 7f00 0041 
  0x0000028e7b289660: ff24 da0f | 1f44 0000 
[/MachCode]

---------------  P R O C E S S  ---------------

Threads class SMR info:
_java_thread_list=0x0000028e4bfb87f0, length=16, elements={
0x0000028e6f1bc720, 0x0000028e7fd7eac0, 0x0000028e7fd80520, 0x0000028e7fd85640,
0x0000028e7fd86510, 0x0000028e7fd89d80, 0x0000028e7fd8b8d0, 0x0000028e7fd8e380,
0x0000028e4b066900, 0x0000028e4b0c2490, 0x0000028e4b3fa0e0, 0x0000028e4b3fd840,
0x0000028e4b5b0f20, 0x0000028e4b5bb5f0, 0x0000028e4b7aadd0, 0x0000028e4bfb7c90
}

Java Threads: ( => current thread )
=>0x0000028e6f1bc720 JavaThread "main"                              [_thread_in_vm, id=1656, stack(0x000000c3f8600000,0x000000c3f8700000) (1024K)]
  0x0000028e7fd7eac0 JavaThread "Reference Handler"          daemon [_thread_blocked, id=25356, stack(0x000000c3f8e00000,0x000000c3f8f00000) (1024K)]
  0x0000028e7fd80520 JavaThread "Finalizer"                  daemon [_thread_blocked, id=21520, stack(0x000000c3f8f00000,0x000000c3f9000000) (1024K)]
  0x0000028e7fd85640 JavaThread "Signal Dispatcher"          daemon [_thread_blocked, id=14452, stack(0x000000c3f9000000,0x000000c3f9100000) (1024K)]
  0x0000028e7fd86510 JavaThread "Attach Listener"            daemon [_thread_blocked, id=13844, stack(0x000000c3f9100000,0x000000c3f9200000) (1024K)]
  0x0000028e7fd89d80 JavaThread "Service Thread"             daemon [_thread_blocked, id=26048, stack(0x000000c3f9200000,0x000000c3f9300000) (1024K)]
  0x0000028e7fd8b8d0 JavaThread "Monitor Deflation Thread"   daemon [_thread_blocked, id=27756, stack(0x000000c3f9300000,0x000000c3f9400000) (1024K)]
  0x0000028e7fd8e380 JavaThread "C1 CompilerThread0"         daemon [_thread_blocked, id=25928, stack(0x000000c3f9400000,0x000000c3f9500000) (1024K)]
  0x0000028e4b066900 JavaThread "Common-Cleaner"             daemon [_thread_blocked, id=28076, stack(0x000000c3f9500000,0x000000c3f9600000) (1024K)]
  0x0000028e4b0c2490 JavaThread "C1 CompilerThread1"         daemon [_thread_blocked, id=26548, stack(0x000000c3f9600000,0x000000c3f9700000) (1024K)]
  0x0000028e4b3fa0e0 JavaThread "Monitor Ctrl-Break"         daemon [_thread_in_native, id=15248, stack(0x000000c3f9700000,0x000000c3f9800000) (1024K)]
  0x0000028e4b3fd840 JavaThread "Notification Thread"        daemon [_thread_blocked, id=9100, stack(0x000000c3f9800000,0x000000c3f9900000) (1024K)]
  0x0000028e4b5b0f20 JavaThread "C1 CompilerThread2"         daemon [_thread_blocked, id=26984, stack(0x000000c3f9900000,0x000000c3f9a00000) (1024K)]
  0x0000028e4b5bb5f0 JavaThread "C1 CompilerThread3"         daemon [_thread_blocked, id=26304, stack(0x000000c3f9a00000,0x000000c3f9b00000) (1024K)]
  0x0000028e4b7aadd0 JavaThread "RMI TCP Accept-0"           daemon [_thread_in_native, id=28664, stack(0x000000c3f9b00000,0x000000c3f9c00000) (1024K)]
  0x0000028e4bfb7c90 JavaThread "background-preinit"                [_thread_in_vm, id=24648, stack(0x000000c3fa300000,0x000000c3fa400000) (1024K)]
Total: 16

Other Threads:
  0x0000028e7fd5b1f0 VMThread "VM Thread"                           [id=23468, stack(0x000000c3f8d00000,0x000000c3f8e00000) (1024K)]
  0x0000028e7fd48fd0 WatcherThread "VM Periodic Task Thread"        [id=28096, stack(0x000000c3f8c00000,0x000000c3f8d00000) (1024K)]
  0x0000028e7152ae00 WorkerThread "GC Thread#0"                     [id=28204, stack(0x000000c3f8700000,0x000000c3f8800000) (1024K)]
  0x0000028e4b87c1d0 WorkerThread "GC Thread#1"                     [id=9104, stack(0x000000c3f9c00000,0x000000c3f9d00000) (1024K)]
  0x0000028e4b87c570 WorkerThread "GC Thread#2"                     [id=1708, stack(0x000000c3f9d00000,0x000000c3f9e00000) (1024K)]
  0x0000028e4b87cd10 WorkerThread "GC Thread#3"                     [id=21036, stack(0x000000c3f9e00000,0x000000c3f9f00000) (1024K)]
  0x0000028e4b896820 WorkerThread "GC Thread#4"                     [id=27084, stack(0x000000c3f9f00000,0x000000c3fa000000) (1024K)]
  0x0000028e4b897040 WorkerThread "GC Thread#5"                     [id=15984, stack(0x000000c3fa000000,0x000000c3fa100000) (1024K)]
  0x0000028e4ba413e0 WorkerThread "GC Thread#6"                     [id=11744, stack(0x000000c3fa100000,0x000000c3fa200000) (1024K)]
  0x0000028e4ba41780 WorkerThread "GC Thread#7"                     [id=25712, stack(0x000000c3fa200000,0x000000c3fa300000) (1024K)]
  0x0000028e7153b8e0 ConcurrentGCThread "G1 Main Marker"            [id=12780, stack(0x000000c3f8800000,0x000000c3f8900000) (1024K)]
  0x0000028e7153c3e0 WorkerThread "G1 Conc#0"                       [id=9720, stack(0x000000c3f8900000,0x000000c3f8a00000) (1024K)]
  0x0000028e7fc195d0 ConcurrentGCThread "G1 Refine#0"               [id=28140, stack(0x000000c3f8a00000,0x000000c3f8b00000) (1024K)]
  0x0000028e7fc1a140 ConcurrentGCThread "G1 Service"                [id=26336, stack(0x000000c3f8b00000,0x000000c3f8c00000) (1024K)]
Total: 14

Threads with active compile tasks:
Total: 0

VM state: not at safepoint (normal execution)

VM Mutex/Monitor currently owned by a thread:  ([mutex/lock_event])
[0x00007ffcc8595eb0] Metaspace_lock - owner thread: 0x0000028e6f1bc720

Heap address: 0x0000000705000000, size: 4016 MB, Compressed Oops mode: Zero based, Oop shift amount: 3

CDS archive(s) mapped at: [0x0000028e06000000-0x0000028e06c90000-0x0000028e06c90000), size 13172736, SharedBaseAddress: 0x0000028e06000000, ArchiveRelocationMode: 1.
Compressed class space mapped at: 0x0000028e07000000-0x0000028e47000000, reserved size: 1073741824
Narrow klass base: 0x0000028e06000000, Narrow klass shift: 0, Narrow klass range: 0x100000000

GC Precious Log:
 CardTable entry size: 512
 Card Set container configuration: InlinePtr #cards 4 size 8 Array Of Cards #cards 16 size 48 Howl #buckets 8 coarsen threshold 3686 Howl Bitmap #cards 512 size 80 coarsen threshold 460 Card regions per heap region 1 cards per card region 4096
 CPUs: 8 total, 8 available
 Memory: 16057M
 Large Page Support: Disabled
 NUMA Support: Disabled
 Compressed Oops: Enabled (Zero based)
 Heap Region Size: 2M
 Heap Min Capacity: 8M
 Heap Initial Capacity: 252M
 Heap Max Capacity: 4016M
 Pre-touch: Disabled
 Parallel Workers: 8
 Concurrent Workers: 2
 Concurrent Refinement Workers: 8
 Periodic GC: Disabled

Heap:
 garbage-first heap   total 258048K, used 22731K [0x0000000705000000, 0x0000000800000000)
  region size 2048K, 10 young (20480K), 2 survivors (4096K)
 Metaspace       used 16424K, committed 16768K, reserved 1114112K
  class space    used 2128K, committed 2304K, reserved 1048576K

Heap Regions: E=young(eden), S=young(survivor), O=old, HS=humongous(starts), HC=humongous(continues), CS=collection set, F=free, TAMS=top-at-mark-start, PB=parsable bottom
|   0|0x0000000705000000, 0x0000000705200000, 0x0000000705200000|100%| O|  |TAMS 0x0000000705000000| PB 0x0000000705000000| Untracked 
|   1|0x0000000705200000, 0x0000000705400000, 0x0000000705400000|100%| O|  |TAMS 0x0000000705200000| PB 0x0000000705200000| Untracked 
|   2|0x0000000705400000, 0x00000007055a82a8, 0x0000000705600000| 82%| O|  |TAMS 0x0000000705400000| PB 0x0000000705400000| Untracked 
|   3|0x0000000705600000, 0x0000000705600000, 0x0000000705800000|  0%| F|  |TAMS 0x0000000705600000| PB 0x0000000705600000| Untracked 
|   4|0x0000000705800000, 0x0000000705800000, 0x0000000705a00000|  0%| F|  |TAMS 0x0000000705800000| PB 0x0000000705800000| Untracked 
|   5|0x0000000705a00000, 0x0000000705a00000, 0x0000000705c00000|  0%| F|  |TAMS 0x0000000705a00000| PB 0x0000000705a00000| Untracked 
|   6|0x0000000705c00000, 0x0000000705c00000, 0x0000000705e00000|  0%| F|  |TAMS 0x0000000705c00000| PB 0x0000000705c00000| Untracked 
|   7|0x0000000705e00000, 0x0000000705e00000, 0x0000000706000000|  0%| F|  |TAMS 0x0000000705e00000| PB 0x0000000705e00000| Untracked 
|   8|0x0000000706000000, 0x0000000706000000, 0x0000000706200000|  0%| F|  |TAMS 0x0000000706000000| PB 0x0000000706000000| Untracked 
|   9|0x0000000706200000, 0x0000000706200000, 0x0000000706400000|  0%| F|  |TAMS 0x0000000706200000| PB 0x0000000706200000| Untracked 
|  10|0x0000000706400000, 0x0000000706400000, 0x0000000706600000|  0%| F|  |TAMS 0x0000000706400000| PB 0x0000000706400000| Untracked 
|  11|0x0000000706600000, 0x0000000706600000, 0x0000000706800000|  0%| F|  |TAMS 0x0000000706600000| PB 0x0000000706600000| Untracked 
|  12|0x0000000706800000, 0x0000000706800000, 0x0000000706a00000|  0%| F|  |TAMS 0x0000000706800000| PB 0x0000000706800000| Untracked 
|  13|0x0000000706a00000, 0x0000000706a00000, 0x0000000706c00000|  0%| F|  |TAMS 0x0000000706a00000| PB 0x0000000706a00000| Untracked 
|  14|0x0000000706c00000, 0x0000000706c00000, 0x0000000706e00000|  0%| F|  |TAMS 0x0000000706c00000| PB 0x0000000706c00000| Untracked 
|  15|0x0000000706e00000, 0x0000000706e00000, 0x0000000707000000|  0%| F|  |TAMS 0x0000000706e00000| PB 0x0000000706e00000| Untracked 
|  16|0x0000000707000000, 0x0000000707000000, 0x0000000707200000|  0%| F|  |TAMS 0x0000000707000000| PB 0x0000000707000000| Untracked 
|  17|0x0000000707200000, 0x0000000707200000, 0x0000000707400000|  0%| F|  |TAMS 0x0000000707200000| PB 0x0000000707200000| Untracked 
|  18|0x0000000707400000, 0x0000000707400000, 0x0000000707600000|  0%| F|  |TAMS 0x0000000707400000| PB 0x0000000707400000| Untracked 
|  19|0x0000000707600000, 0x0000000707600000, 0x0000000707800000|  0%| F|  |TAMS 0x0000000707600000| PB 0x0000000707600000| Untracked 
|  20|0x0000000707800000, 0x0000000707800000, 0x0000000707a00000|  0%| F|  |TAMS 0x0000000707800000| PB 0x0000000707800000| Untracked 
|  21|0x0000000707a00000, 0x0000000707a00000, 0x0000000707c00000|  0%| F|  |TAMS 0x0000000707a00000| PB 0x0000000707a00000| Untracked 
|  22|0x0000000707c00000, 0x0000000707c00000, 0x0000000707e00000|  0%| F|  |TAMS 0x0000000707c00000| PB 0x0000000707c00000| Untracked 
|  23|0x0000000707e00000, 0x0000000707e00000, 0x0000000708000000|  0%| F|  |TAMS 0x0000000707e00000| PB 0x0000000707e00000| Untracked 
|  24|0x0000000708000000, 0x0000000708000000, 0x0000000708200000|  0%| F|  |TAMS 0x0000000708000000| PB 0x0000000708000000| Untracked 
|  25|0x0000000708200000, 0x0000000708200000, 0x0000000708400000|  0%| F|  |TAMS 0x0000000708200000| PB 0x0000000708200000| Untracked 
|  26|0x0000000708400000, 0x0000000708400000, 0x0000000708600000|  0%| F|  |TAMS 0x0000000708400000| PB 0x0000000708400000| Untracked 
|  27|0x0000000708600000, 0x0000000708600000, 0x0000000708800000|  0%| F|  |TAMS 0x0000000708600000| PB 0x0000000708600000| Untracked 
|  28|0x0000000708800000, 0x0000000708800000, 0x0000000708a00000|  0%| F|  |TAMS 0x0000000708800000| PB 0x0000000708800000| Untracked 
|  29|0x0000000708a00000, 0x0000000708a00000, 0x0000000708c00000|  0%| F|  |TAMS 0x0000000708a00000| PB 0x0000000708a00000| Untracked 
|  30|0x0000000708c00000, 0x0000000708c00000, 0x0000000708e00000|  0%| F|  |TAMS 0x0000000708c00000| PB 0x0000000708c00000| Untracked 
|  31|0x0000000708e00000, 0x0000000708e00000, 0x0000000709000000|  0%| F|  |TAMS 0x0000000708e00000| PB 0x0000000708e00000| Untracked 
|  32|0x0000000709000000, 0x0000000709000000, 0x0000000709200000|  0%| F|  |TAMS 0x0000000709000000| PB 0x0000000709000000| Untracked 
|  33|0x0000000709200000, 0x0000000709200000, 0x0000000709400000|  0%| F|  |TAMS 0x0000000709200000| PB 0x0000000709200000| Untracked 
|  34|0x0000000709400000, 0x0000000709400000, 0x0000000709600000|  0%| F|  |TAMS 0x0000000709400000| PB 0x0000000709400000| Untracked 
|  35|0x0000000709600000, 0x0000000709600000, 0x0000000709800000|  0%| F|  |TAMS 0x0000000709600000| PB 0x0000000709600000| Untracked 
|  36|0x0000000709800000, 0x0000000709800000, 0x0000000709a00000|  0%| F|  |TAMS 0x0000000709800000| PB 0x0000000709800000| Untracked 
|  37|0x0000000709a00000, 0x0000000709a00000, 0x0000000709c00000|  0%| F|  |TAMS 0x0000000709a00000| PB 0x0000000709a00000| Untracked 
|  38|0x0000000709c00000, 0x0000000709c00000, 0x0000000709e00000|  0%| F|  |TAMS 0x0000000709c00000| PB 0x0000000709c00000| Untracked 
|  39|0x0000000709e00000, 0x0000000709e00000, 0x000000070a000000|  0%| F|  |TAMS 0x0000000709e00000| PB 0x0000000709e00000| Untracked 
|  40|0x000000070a000000, 0x000000070a000000, 0x000000070a200000|  0%| F|  |TAMS 0x000000070a000000| PB 0x000000070a000000| Untracked 
|  41|0x000000070a200000, 0x000000070a200000, 0x000000070a400000|  0%| F|  |TAMS 0x000000070a200000| PB 0x000000070a200000| Untracked 
|  42|0x000000070a400000, 0x000000070a400000, 0x000000070a600000|  0%| F|  |TAMS 0x000000070a400000| PB 0x000000070a400000| Untracked 
|  43|0x000000070a600000, 0x000000070a600000, 0x000000070a800000|  0%| F|  |TAMS 0x000000070a600000| PB 0x000000070a600000| Untracked 
|  44|0x000000070a800000, 0x000000070a800000, 0x000000070aa00000|  0%| F|  |TAMS 0x000000070a800000| PB 0x000000070a800000| Untracked 
|  45|0x000000070aa00000, 0x000000070aa00000, 0x000000070ac00000|  0%| F|  |TAMS 0x000000070aa00000| PB 0x000000070aa00000| Untracked 
|  46|0x000000070ac00000, 0x000000070ac00000, 0x000000070ae00000|  0%| F|  |TAMS 0x000000070ac00000| PB 0x000000070ac00000| Untracked 
|  47|0x000000070ae00000, 0x000000070ae00000, 0x000000070b000000|  0%| F|  |TAMS 0x000000070ae00000| PB 0x000000070ae00000| Untracked 
|  48|0x000000070b000000, 0x000000070b000000, 0x000000070b200000|  0%| F|  |TAMS 0x000000070b000000| PB 0x000000070b000000| Untracked 
|  49|0x000000070b200000, 0x000000070b200000, 0x000000070b400000|  0%| F|  |TAMS 0x000000070b200000| PB 0x000000070b200000| Untracked 
|  50|0x000000070b400000, 0x000000070b400000, 0x000000070b600000|  0%| F|  |TAMS 0x000000070b400000| PB 0x000000070b400000| Untracked 
|  51|0x000000070b600000, 0x000000070b600000, 0x000000070b800000|  0%| F|  |TAMS 0x000000070b600000| PB 0x000000070b600000| Untracked 
|  52|0x000000070b800000, 0x000000070b800000, 0x000000070ba00000|  0%| F|  |TAMS 0x000000070b800000| PB 0x000000070b800000| Untracked 
|  53|0x000000070ba00000, 0x000000070ba00000, 0x000000070bc00000|  0%| F|  |TAMS 0x000000070ba00000| PB 0x000000070ba00000| Untracked 
|  54|0x000000070bc00000, 0x000000070bc00000, 0x000000070be00000|  0%| F|  |TAMS 0x000000070bc00000| PB 0x000000070bc00000| Untracked 
|  55|0x000000070be00000, 0x000000070be00000, 0x000000070c000000|  0%| F|  |TAMS 0x000000070be00000| PB 0x000000070be00000| Untracked 
|  56|0x000000070c000000, 0x000000070c000000, 0x000000070c200000|  0%| F|  |TAMS 0x000000070c000000| PB 0x000000070c000000| Untracked 
|  57|0x000000070c200000, 0x000000070c200000, 0x000000070c400000|  0%| F|  |TAMS 0x000000070c200000| PB 0x000000070c200000| Untracked 
|  58|0x000000070c400000, 0x000000070c400000, 0x000000070c600000|  0%| F|  |TAMS 0x000000070c400000| PB 0x000000070c400000| Untracked 
|  59|0x000000070c600000, 0x000000070c600000, 0x000000070c800000|  0%| F|  |TAMS 0x000000070c600000| PB 0x000000070c600000| Untracked 
|  60|0x000000070c800000, 0x000000070c800000, 0x000000070ca00000|  0%| F|  |TAMS 0x000000070c800000| PB 0x000000070c800000| Untracked 
|  61|0x000000070ca00000, 0x000000070ca00000, 0x000000070cc00000|  0%| F|  |TAMS 0x000000070ca00000| PB 0x000000070ca00000| Untracked 
|  62|0x000000070cc00000, 0x000000070cc00000, 0x000000070ce00000|  0%| F|  |TAMS 0x000000070cc00000| PB 0x000000070cc00000| Untracked 
|  63|0x000000070ce00000, 0x000000070ce00000, 0x000000070d000000|  0%| F|  |TAMS 0x000000070ce00000| PB 0x000000070ce00000| Untracked 
|  64|0x000000070d000000, 0x000000070d000000, 0x000000070d200000|  0%| F|  |TAMS 0x000000070d000000| PB 0x000000070d000000| Untracked 
|  65|0x000000070d200000, 0x000000070d200000, 0x000000070d400000|  0%| F|  |TAMS 0x000000070d200000| PB 0x000000070d200000| Untracked 
|  66|0x000000070d400000, 0x000000070d400000, 0x000000070d600000|  0%| F|  |TAMS 0x000000070d400000| PB 0x000000070d400000| Untracked 
|  67|0x000000070d600000, 0x000000070d600000, 0x000000070d800000|  0%| F|  |TAMS 0x000000070d600000| PB 0x000000070d600000| Untracked 
|  68|0x000000070d800000, 0x000000070d800000, 0x000000070da00000|  0%| F|  |TAMS 0x000000070d800000| PB 0x000000070d800000| Untracked 
|  69|0x000000070da00000, 0x000000070da00000, 0x000000070dc00000|  0%| F|  |TAMS 0x000000070da00000| PB 0x000000070da00000| Untracked 
|  70|0x000000070dc00000, 0x000000070dc00000, 0x000000070de00000|  0%| F|  |TAMS 0x000000070dc00000| PB 0x000000070dc00000| Untracked 
|  71|0x000000070de00000, 0x000000070de00000, 0x000000070e000000|  0%| F|  |TAMS 0x000000070de00000| PB 0x000000070de00000| Untracked 
|  72|0x000000070e000000, 0x000000070e000000, 0x000000070e200000|  0%| F|  |TAMS 0x000000070e000000| PB 0x000000070e000000| Untracked 
|  73|0x000000070e200000, 0x000000070e200000, 0x000000070e400000|  0%| F|  |TAMS 0x000000070e200000| PB 0x000000070e200000| Untracked 
|  74|0x000000070e400000, 0x000000070e400000, 0x000000070e600000|  0%| F|  |TAMS 0x000000070e400000| PB 0x000000070e400000| Untracked 
|  75|0x000000070e600000, 0x000000070e600000, 0x000000070e800000|  0%| F|  |TAMS 0x000000070e600000| PB 0x000000070e600000| Untracked 
|  76|0x000000070e800000, 0x000000070e800000, 0x000000070ea00000|  0%| F|  |TAMS 0x000000070e800000| PB 0x000000070e800000| Untracked 
|  77|0x000000070ea00000, 0x000000070ea00000, 0x000000070ec00000|  0%| F|  |TAMS 0x000000070ea00000| PB 0x000000070ea00000| Untracked 
|  78|0x000000070ec00000, 0x000000070ec00000, 0x000000070ee00000|  0%| F|  |TAMS 0x000000070ec00000| PB 0x000000070ec00000| Untracked 
|  79|0x000000070ee00000, 0x000000070ee00000, 0x000000070f000000|  0%| F|  |TAMS 0x000000070ee00000| PB 0x000000070ee00000| Untracked 
|  80|0x000000070f000000, 0x000000070f000000, 0x000000070f200000|  0%| F|  |TAMS 0x000000070f000000| PB 0x000000070f000000| Untracked 
|  81|0x000000070f200000, 0x000000070f200000, 0x000000070f400000|  0%| F|  |TAMS 0x000000070f200000| PB 0x000000070f200000| Untracked 
|  82|0x000000070f400000, 0x000000070f400000, 0x000000070f600000|  0%| F|  |TAMS 0x000000070f400000| PB 0x000000070f400000| Untracked 
|  83|0x000000070f600000, 0x000000070f600000, 0x000000070f800000|  0%| F|  |TAMS 0x000000070f600000| PB 0x000000070f600000| Untracked 
|  84|0x000000070f800000, 0x000000070f800000, 0x000000070fa00000|  0%| F|  |TAMS 0x000000070f800000| PB 0x000000070f800000| Untracked 
|  85|0x000000070fa00000, 0x000000070fa00000, 0x000000070fc00000|  0%| F|  |TAMS 0x000000070fa00000| PB 0x000000070fa00000| Untracked 
|  86|0x000000070fc00000, 0x000000070fc00000, 0x000000070fe00000|  0%| F|  |TAMS 0x000000070fc00000| PB 0x000000070fc00000| Untracked 
|  87|0x000000070fe00000, 0x000000070fe00000, 0x0000000710000000|  0%| F|  |TAMS 0x000000070fe00000| PB 0x000000070fe00000| Untracked 
|  88|0x0000000710000000, 0x0000000710000000, 0x0000000710200000|  0%| F|  |TAMS 0x0000000710000000| PB 0x0000000710000000| Untracked 
|  89|0x0000000710200000, 0x0000000710200000, 0x0000000710400000|  0%| F|  |TAMS 0x0000000710200000| PB 0x0000000710200000| Untracked 
|  90|0x0000000710400000, 0x0000000710400000, 0x0000000710600000|  0%| F|  |TAMS 0x0000000710400000| PB 0x0000000710400000| Untracked 
|  91|0x0000000710600000, 0x0000000710600000, 0x0000000710800000|  0%| F|  |TAMS 0x0000000710600000| PB 0x0000000710600000| Untracked 
|  92|0x0000000710800000, 0x0000000710800000, 0x0000000710a00000|  0%| F|  |TAMS 0x0000000710800000| PB 0x0000000710800000| Untracked 
|  93|0x0000000710a00000, 0x0000000710a00000, 0x0000000710c00000|  0%| F|  |TAMS 0x0000000710a00000| PB 0x0000000710a00000| Untracked 
|  94|0x0000000710c00000, 0x0000000710c00000, 0x0000000710e00000|  0%| F|  |TAMS 0x0000000710c00000| PB 0x0000000710c00000| Untracked 
|  95|0x0000000710e00000, 0x0000000710e00000, 0x0000000711000000|  0%| F|  |TAMS 0x0000000710e00000| PB 0x0000000710e00000| Untracked 
|  96|0x0000000711000000, 0x0000000711000000, 0x0000000711200000|  0%| F|  |TAMS 0x0000000711000000| PB 0x0000000711000000| Untracked 
|  97|0x0000000711200000, 0x0000000711200000, 0x0000000711400000|  0%| F|  |TAMS 0x0000000711200000| PB 0x0000000711200000| Untracked 
|  98|0x0000000711400000, 0x0000000711400000, 0x0000000711600000|  0%| F|  |TAMS 0x0000000711400000| PB 0x0000000711400000| Untracked 
|  99|0x0000000711600000, 0x0000000711600000, 0x0000000711800000|  0%| F|  |TAMS 0x0000000711600000| PB 0x0000000711600000| Untracked 
| 100|0x0000000711800000, 0x0000000711800000, 0x0000000711a00000|  0%| F|  |TAMS 0x0000000711800000| PB 0x0000000711800000| Untracked 
| 101|0x0000000711a00000, 0x0000000711a00000, 0x0000000711c00000|  0%| F|  |TAMS 0x0000000711a00000| PB 0x0000000711a00000| Untracked 
| 102|0x0000000711c00000, 0x0000000711c00000, 0x0000000711e00000|  0%| F|  |TAMS 0x0000000711c00000| PB 0x0000000711c00000| Untracked 
| 103|0x0000000711e00000, 0x0000000711e00000, 0x0000000712000000|  0%| F|  |TAMS 0x0000000711e00000| PB 0x0000000711e00000| Untracked 
| 104|0x0000000712000000, 0x0000000712000000, 0x0000000712200000|  0%| F|  |TAMS 0x0000000712000000| PB 0x0000000712000000| Untracked 
| 105|0x0000000712200000, 0x0000000712200000, 0x0000000712400000|  0%| F|  |TAMS 0x0000000712200000| PB 0x0000000712200000| Untracked 
| 106|0x0000000712400000, 0x0000000712400000, 0x0000000712600000|  0%| F|  |TAMS 0x0000000712400000| PB 0x0000000712400000| Untracked 
| 107|0x0000000712600000, 0x0000000712600000, 0x0000000712800000|  0%| F|  |TAMS 0x0000000712600000| PB 0x0000000712600000| Untracked 
| 108|0x0000000712800000, 0x0000000712800000, 0x0000000712a00000|  0%| F|  |TAMS 0x0000000712800000| PB 0x0000000712800000| Untracked 
| 109|0x0000000712a00000, 0x0000000712a8ab00, 0x0000000712c00000| 27%| S|CS|TAMS 0x0000000712a00000| PB 0x0000000712a00000| Complete 
| 110|0x0000000712c00000, 0x0000000712e00000, 0x0000000712e00000|100%| S|CS|TAMS 0x0000000712c00000| PB 0x0000000712c00000| Complete 
| 111|0x0000000712e00000, 0x0000000712e00000, 0x0000000713000000|  0%| F|  |TAMS 0x0000000712e00000| PB 0x0000000712e00000| Untracked 
| 112|0x0000000713000000, 0x0000000713000000, 0x0000000713200000|  0%| F|  |TAMS 0x0000000713000000| PB 0x0000000713000000| Untracked 
| 113|0x0000000713200000, 0x0000000713200000, 0x0000000713400000|  0%| F|  |TAMS 0x0000000713200000| PB 0x0000000713200000| Untracked 
| 114|0x0000000713400000, 0x0000000713400000, 0x0000000713600000|  0%| F|  |TAMS 0x0000000713400000| PB 0x0000000713400000| Untracked 
| 115|0x0000000713600000, 0x0000000713600000, 0x0000000713800000|  0%| F|  |TAMS 0x0000000713600000| PB 0x0000000713600000| Untracked 
| 116|0x0000000713800000, 0x0000000713800000, 0x0000000713a00000|  0%| F|  |TAMS 0x0000000713800000| PB 0x0000000713800000| Untracked 
| 117|0x0000000713a00000, 0x0000000713a00000, 0x0000000713c00000|  0%| F|  |TAMS 0x0000000713a00000| PB 0x0000000713a00000| Untracked 
| 118|0x0000000713c00000, 0x0000000713c8e148, 0x0000000713e00000| 27%| E|  |TAMS 0x0000000713c00000| PB 0x0000000713c00000| Complete 
| 119|0x0000000713e00000, 0x0000000714000000, 0x0000000714000000|100%| E|CS|TAMS 0x0000000713e00000| PB 0x0000000713e00000| Complete 
| 120|0x0000000714000000, 0x0000000714200000, 0x0000000714200000|100%| E|CS|TAMS 0x0000000714000000| PB 0x0000000714000000| Complete 
| 121|0x0000000714200000, 0x0000000714400000, 0x0000000714400000|100%| E|CS|TAMS 0x0000000714200000| PB 0x0000000714200000| Complete 
| 122|0x0000000714400000, 0x0000000714600000, 0x0000000714600000|100%| E|CS|TAMS 0x0000000714400000| PB 0x0000000714400000| Complete 
| 123|0x0000000714600000, 0x0000000714800000, 0x0000000714800000|100%| E|CS|TAMS 0x0000000714600000| PB 0x0000000714600000| Complete 
| 124|0x0000000714800000, 0x0000000714a00000, 0x0000000714a00000|100%| E|CS|TAMS 0x0000000714800000| PB 0x0000000714800000| Complete 
| 125|0x0000000714a00000, 0x0000000714c00000, 0x0000000714c00000|100%| E|CS|TAMS 0x0000000714a00000| PB 0x0000000714a00000| Complete 

Card table byte_map: [0x0000028e7eb60000,0x0000028e7f340000] _byte_map_base: 0x0000028e7b338000

Marking Bits: (CMBitMap*) 0x0000028e7152b500
 Bits: [0x0000028e00000000, 0x0000028e03ec0000)

Polling page: 0x0000028e6f170000

Metaspace:

Usage:
  Non-class:     13.96 MB used.
      Class:      2.08 MB used.
       Both:     16.04 MB used.

Virtual space:
  Non-class space:       64.00 MB reserved,      14.12 MB ( 22%) committed,  1 nodes.
      Class space:        1.00 GB reserved,       2.25 MB ( <1%) committed,  1 nodes.
             Both:        1.06 GB reserved,      16.38 MB (  2%) committed. 

Chunk freelists:
   Non-Class:  1.42 MB
       Class:  13.70 MB
        Both:  15.12 MB

MaxMetaspaceSize: unlimited
CompressedClassSpaceSize: 1.00 GB
Initial GC threshold: 21.00 MB
Current GC threshold: 21.00 MB
CDS: on
 - commit_granule_bytes: 65536.
 - commit_granule_words: 8192.
 - virtual_space_node_default_size: 8388608.
 - enlarge_chunks_in_place: 1.
 - use_allocation_guard: 0.


Internal statistics:

num_allocs_failed_limit: 0.
num_arena_births: 410.
num_arena_deaths: 0.
num_vsnodes_births: 2.
num_vsnodes_deaths: 0.
num_space_committed: 262.
num_space_uncommitted: 0.
num_chunks_returned_to_freelist: 0.
num_chunks_taken_from_freelist: 865.
num_chunk_merges: 0.
num_chunk_splits: 598.
num_chunks_enlarged: 427.
num_inconsistent_stats: 0.

CodeCache: size=49152Kb used=6744Kb max_used=6744Kb free=42408Kb
 bounds [0x0000028e7b270000, 0x0000028e7b910000, 0x0000028e7e270000]
 total_blobs=2931 nmethods=2412 adapters=439
 compilation: enabled
              stopped_count=0, restarted_count=0
 full_count=0

JVMCI Events (1 events):
Event: 0.066 Thread 0x0000028e6f1bc720 created new Java JVMCI runtime -1 (0x0000028e714c9410)

Compilation events (20 events):
Event: 2.125 Thread 0x0000028e7fd8e380 2403       1       ch.qos.logback.classic.spi.LogbackServiceProvider::getLoggerFactory (5 bytes)
Event: 2.125 Thread 0x0000028e7fd8e380 nmethod 2403 0x0000028e7b903290 code [0x0000028e7b903420, 0x0000028e7b9034f0]
Event: 2.162 Thread 0x0000028e4b5b0f20 2404       1       jdk.internal.loader.AbstractClassLoaderValue::<init> (5 bytes)
Event: 2.162 Thread 0x0000028e4b5b0f20 nmethod 2404 0x0000028e7b903b90 code [0x0000028e7b903d20, 0x0000028e7b903de8]
Event: 2.163 Thread 0x0000028e7fd8e380 2405       1       jdk.internal.loader.AbstractClassLoaderValue::sub (10 bytes)
Event: 2.163 Thread 0x0000028e7fd8e380 nmethod 2405 0x0000028e7b903e90 code [0x0000028e7b904040, 0x0000028e7b904210]
Event: 2.163 Thread 0x0000028e4b5b0f20 2406       1       jdk.internal.loader.AbstractClassLoaderValue$Sub::<init> (15 bytes)
Event: 2.163 Thread 0x0000028e4b5b0f20 nmethod 2406 0x0000028e7b904290 code [0x0000028e7b904420, 0x0000028e7b904590]
Event: 2.164 Thread 0x0000028e4b5b0f20 2407       1       java.nio.HeapByteBuffer::get (14 bytes)
Event: 2.164 Thread 0x0000028e7fd8e380 2408       1       java.nio.Buffer::nextGetIndex (30 bytes)
Event: 2.164 Thread 0x0000028e4b5bb5f0 2409       1       java.lang.ClassLoader::createOrGetClassLoaderValueMap (37 bytes)
Event: 2.164 Thread 0x0000028e4b0c2490 2410       1       java.lang.Class::isAnnotation (17 bytes)
Event: 2.164 Thread 0x0000028e7fd8e380 nmethod 2408 0x0000028e7b904610 code [0x0000028e7b9047c0, 0x0000028e7b904900]
Event: 2.164 Thread 0x0000028e4b5b0f20 nmethod 2407 0x0000028e7b904990 code [0x0000028e7b904b40, 0x0000028e7b904cc8]
Event: 2.164 Thread 0x0000028e4b0c2490 nmethod 2410 0x0000028e7b904e10 code [0x0000028e7b904fa0, 0x0000028e7b905098]
Event: 2.164 Thread 0x0000028e4b5bb5f0 nmethod 2409 0x0000028e7b905110 code [0x0000028e7b9052c0, 0x0000028e7b905460]
Event: 2.170 Thread 0x0000028e4b0c2490 2411       1       java.util.LinkedHashMap::<init> (15 bytes)
Event: 2.170 Thread 0x0000028e4b0c2490 nmethod 2411 0x0000028e7b905510 code [0x0000028e7b9056a0, 0x0000028e7b905778]
Event: 2.173 Thread 0x0000028e4b0c2490 2412   !   1       java.lang.invoke.BoundMethodHandle$Species_L::copyWithExtendL (31 bytes)
Event: 2.173 Thread 0x0000028e4b0c2490 nmethod 2412 0x0000028e7b905810 code [0x0000028e7b905a00, 0x0000028e7b905dd0]

GC Heap History (4 events):
Event: 1.173 GC heap before
{Heap before GC invocations=0 (full 0):
 garbage-first heap   total 258048K, used 22528K [0x0000000705000000, 0x0000000800000000)
  region size 2048K, 11 young (22528K), 0 survivors (0K)
 Metaspace       used 6862K, committed 7104K, reserved 1114112K
  class space    used 814K, committed 960K, reserved 1048576K
}
Event: 1.178 GC heap after
{Heap after GC invocations=1 (full 0):
 garbage-first heap   total 258048K, used 5620K [0x0000000705000000, 0x0000000800000000)
  region size 2048K, 2 young (4096K), 2 survivors (4096K)
 Metaspace       used 6862K, committed 7104K, reserved 1114112K
  class space    used 814K, committed 960K, reserved 1048576K
}
Event: 1.982 GC heap before
{Heap before GC invocations=1 (full 0):
 garbage-first heap   total 258048K, used 32244K [0x0000000705000000, 0x0000000800000000)
  region size 2048K, 15 young (30720K), 2 survivors (4096K)
 Metaspace       used 13154K, committed 13504K, reserved 1114112K
  class space    used 1728K, committed 1856K, reserved 1048576K
}
Event: 1.987 GC heap after
{Heap after GC invocations=2 (full 0):
 garbage-first heap   total 258048K, used 8395K [0x0000000705000000, 0x0000000800000000)
  region size 2048K, 2 young (4096K), 2 survivors (4096K)
 Metaspace       used 13154K, committed 13504K, reserved 1114112K
  class space    used 1728K, committed 1856K, reserved 1048576K
}

Dll operation events (11 events):
Event: 0.046 Loaded shared library C:\Users\kamja\.jdks\graalvm-jdk-21.0.7\bin\java.dll
Event: 0.250 Loaded shared library C:\Users\kamja\.jdks\graalvm-jdk-21.0.7\bin\zip.dll
Event: 0.258 Loaded shared library C:\Users\kamja\.jdks\graalvm-jdk-21.0.7\bin\instrument.dll
Event: 0.267 Loaded shared library C:\Users\kamja\.jdks\graalvm-jdk-21.0.7\bin\net.dll
Event: 0.271 Loaded shared library C:\Users\kamja\.jdks\graalvm-jdk-21.0.7\bin\nio.dll
Event: 0.277 Loaded shared library C:\Users\kamja\.jdks\graalvm-jdk-21.0.7\bin\zip.dll
Event: 0.376 Loaded shared library C:\Program Files\JetBrains\IntelliJ IDEA 2023.2.2\bin\breakgen64.dll
Event: 0.390 Loaded shared library C:\Users\kamja\.jdks\graalvm-jdk-21.0.7\bin\extnet.dll
Event: 0.399 Loaded shared library C:\Users\kamja\.jdks\graalvm-jdk-21.0.7\bin\jimage.dll
Event: 0.428 Loaded shared library C:\Users\kamja\.jdks\graalvm-jdk-21.0.7\bin\management.dll
Event: 0.441 Loaded shared library C:\Users\kamja\.jdks\graalvm-jdk-21.0.7\bin\management_ext.dll

Deoptimization events (0 events):
No events

Classes loaded (20 events):
Event: 2.052 Loading class sun/text/resources/cldr/FormatData_en
Event: 2.053 Loading class sun/text/resources/cldr/FormatData_en done
Event: 2.053 Loading class sun/text/resources/cldr/FormatData_en_US
Event: 2.053 Loading class sun/text/resources/cldr/FormatData_en_US done
Event: 2.056 Loading class org/xml/sax/ErrorHandler
Event: 2.056 Loading class org/xml/sax/ErrorHandler done
Event: 2.056 Loading class org/xml/sax/EntityResolver
Event: 2.056 Loading class org/xml/sax/EntityResolver done
Event: 2.056 Loading class org/xml/sax/SAXParseException
Event: 2.056 Loading class org/xml/sax/SAXException
Event: 2.056 Loading class org/xml/sax/SAXException done
Event: 2.056 Loading class org/xml/sax/SAXParseException done
Event: 2.056 Loading class javax/xml/parsers/ParserConfigurationException
Event: 2.056 Loading class javax/xml/parsers/ParserConfigurationException done
Event: 2.062 Loading class java/io/CharConversionException
Event: 2.062 Loading class java/io/CharConversionException done
Event: 2.067 Loading class java/io/CharArrayReader
Event: 2.067 Loading class java/io/CharArrayReader done
Event: 2.085 Loading class java/lang/annotation/Repeatable
Event: 2.086 Loading class java/lang/annotation/Repeatable done

Classes unloaded (0 events):
No events

Classes redefined (0 events):
No events

Internal exceptions (20 events):
Event: 1.665 Thread 0x0000028e6f1bc720 Exception <a 'java/lang/NoSuchMethodError'{0x0000000713f3fac8}: 'int java.lang.invoke.DirectMethodHandle$Holder.invokeStaticInit(java.lang.Object, double, double)'> (0x0000000713f3fac8) 
thrown [s\open\src\hotspot\share\interpreter\linkResolver.cpp, line 773]
Event: 1.665 Thread 0x0000028e6f1bc720 Exception <a 'java/lang/NoSuchMethodError'{0x0000000713f43d60}: 'int java.lang.invoke.DirectMethodHandle$Holder.invokeStatic(java.lang.Object, long)'> (0x0000000713f43d60) 
thrown [s\open\src\hotspot\share\interpreter\linkResolver.cpp, line 773]
Event: 1.668 Thread 0x0000028e6f1bc720 Exception <a 'java/lang/NoSuchMethodError'{0x0000000713f65298}: 'int java.lang.invoke.Invokers$Holder.linkToTargetMethod(java.lang.Object, java.lang.Object)'> (0x0000000713f65298) 
thrown [s\open\src\hotspot\share\interpreter\linkResolver.cpp, line 773]
Event: 1.691 Thread 0x0000028e6f1bc720 Exception <a 'java/lang/NoSuchMethodError'{0x0000000713fe4b88}: 'java.lang.Object java.lang.invoke.DirectMethodHandle$Holder.invokeSpecial(java.lang.Object, java.lang.Object, java.lang.Object, int, java.lang.Object)'> (0x0000000713fe4b88) 
thrown [s\open\src\hotspot\share\interpreter\linkResolver.cpp, line 773]
Event: 1.692 Thread 0x0000028e6f1bc720 Exception <a 'java/lang/NoSuchMethodError'{0x0000000713fec3a0}: 'java.lang.Object java.lang.invoke.DirectMethodHandle$Holder.newInvokeSpecial(java.lang.Object, java.lang.Object, java.lang.Object, int, java.lang.Object)'> (0x0000000713fec3a0) 
thrown [s\open\src\hotspot\share\interpreter\linkResolver.cpp, line 773]
Event: 1.692 Thread 0x0000028e6f1bc720 Exception <a 'java/lang/NoSuchMethodError'{0x0000000713ff3878}: 'java.lang.Object java.lang.invoke.Invokers$Holder.linkToTargetMethod(java.lang.Object, java.lang.Object, int, java.lang.Object, java.lang.Object)'> (0x0000000713ff3878) 
thrown [s\open\src\hotspot\share\interpreter\linkResolver.cpp, line 773]
Event: 1.693 Thread 0x0000028e6f1bc720 Exception <a 'java/lang/NoSuchMethodError'{0x0000000713c020e8}: 'java.lang.Object java.lang.invoke.DirectMethodHandle$Holder.newInvokeSpecial(java.lang.Object, int, java.lang.Object)'> (0x0000000713c020e8) 
thrown [s\open\src\hotspot\share\interpreter\linkResolver.cpp, line 773]
Event: 1.693 Thread 0x0000028e6f1bc720 Exception <a 'java/lang/NoSuchMethodError'{0x0000000713c065f8}: 'int java.lang.invoke.DirectMethodHandle$Holder.invokeSpecialIFC(java.lang.Object, java.lang.Object, java.lang.Object, java.lang.Object)'> (0x0000000713c065f8) 
thrown [s\open\src\hotspot\share\interpreter\linkResolver.cpp, line 773]
Event: 1.720 Thread 0x0000028e6f1bc720 Exception <a 'java/lang/NoSuchMethodError'{0x0000000713cb4cc8}: 'void java.lang.invoke.DirectMethodHandle$Holder.invokeInterface(java.lang.Object, java.lang.Object, java.lang.Object)'> (0x0000000713cb4cc8) 
thrown [s\open\src\hotspot\share\interpreter\linkResolver.cpp, line 773]
Event: 1.746 Thread 0x0000028e6f1bc720 Exception <a 'java/lang/NoSuchMethodError'{0x0000000713d2c348}: 'java.lang.Object java.lang.invoke.DirectMethodHandle$Holder.invokeVirtual(java.lang.Object, java.lang.Object, java.lang.Object)'> (0x0000000713d2c348) 
thrown [s\open\src\hotspot\share\interpreter\linkResolver.cpp, line 773]
Event: 1.782 Thread 0x0000028e6f1bc720 Exception <a 'java/lang/NoSuchMethodError'{0x0000000713a46310}: 'void java.lang.invoke.DirectMethodHandle$Holder.invokeStatic(java.lang.Object, java.lang.Object, int)'> (0x0000000713a46310) 
thrown [s\open\src\hotspot\share\interpreter\linkResolver.cpp, line 773]
Event: 1.788 Thread 0x0000028e6f1bc720 Exception <a 'java/lang/NoSuchMethodError'{0x0000000713a61b90}: 'void java.lang.invoke.DirectMethodHandle$Holder.invokeStaticInit(java.lang.Object, java.lang.Object, java.lang.Object)'> (0x0000000713a61b90) 
thrown [s\open\src\hotspot\share\interpreter\linkResolver.cpp, line 773]
Event: 1.790 Thread 0x0000028e6f1bc720 Exception <a 'java/lang/NoSuchMethodError'{0x0000000713a6c8b0}: 'java.lang.Object java.lang.invoke.DirectMethodHandle$Holder.invokeStaticInit(java.lang.Object, int)'> (0x0000000713a6c8b0) 
thrown [s\open\src\hotspot\share\interpreter\linkResolver.cpp, line 773]
Event: 1.791 Thread 0x0000028e6f1bc720 Exception <a 'java/lang/NoSuchMethodError'{0x0000000713a768e8}: 'java.lang.Object java.lang.invoke.DirectMethodHandle$Holder.invokeStatic(java.lang.Object, int, java.lang.Object)'> (0x0000000713a768e8) 
thrown [s\open\src\hotspot\share\interpreter\linkResolver.cpp, line 773]
Event: 1.791 Thread 0x0000028e6f1bc720 Exception <a 'java/lang/NoSuchMethodError'{0x0000000713a79f48}: 'java.lang.Object java.lang.invoke.DirectMethodHandle$Holder.invokeStaticInit(java.lang.Object, int, java.lang.Object)'> (0x0000000713a79f48) 
thrown [s\open\src\hotspot\share\interpreter\linkResolver.cpp, line 773]
Event: 1.811 Thread 0x0000028e6f1bc720 Exception <a 'java/lang/NoSuchMethodError'{0x0000000713b1fcf8}: 'void java.lang.invoke.DirectMethodHandle$Holder.invokeVirtual(java.lang.Object, java.lang.Object, java.lang.Object, java.lang.Object)'> (0x0000000713b1fcf8) 
thrown [s\open\src\hotspot\share\interpreter\linkResolver.cpp, line 773]
Event: 1.900 Thread 0x0000028e6f1bc720 Exception <a 'java/lang/NoSuchMethodError'{0x000000071396b068}: 'java.lang.Object java.lang.invoke.Invokers$Holder.invoke_MT(java.lang.Object, java.lang.Object, java.lang.Object, java.lang.Object, java.lang.Object, java.lang.Object, java.lang.Object, java.lang.Object, java.lang.Object)'> (0x000000071396b068) 
thrown [s\open\src\hotspot\share\interpreter\linkResolver.cpp, line 773]
Event: 1.902 Thread 0x0000028e4bfb7c90 Exception <a 'java/lang/NoClassDefFoundError'{0x00000007139bcdb0}: jakarta/validation/Validation> (0x00000007139bcdb0) 
thrown [s\open\src\hotspot\share\classfile\systemDictionary.cpp, line 301]
Event: 1.904 Thread 0x0000028e6f1bc720 Exception <a 'java/lang/NoSuchMethodError'{0x0000000713999128}: 'java.lang.reflect.Field[] java.lang.Class.getDeclaredFields(java.lang.Class)'> (0x0000000713999128) 
thrown [s\open\src\hotspot\share\interpreter\linkResolver.cpp, line 773]
Event: 1.915 Thread 0x0000028e6f1bc720 Exception <a 'java/lang/IncompatibleClassChangeError'{0x0000000713627ef8}: Found class java.lang.Object, but interface was expected> (0x0000000713627ef8) 
thrown [s\open\src\hotspot\share\interpreter\linkResolver.cpp, line 840]

ZGC Phase Switch (0 events):
No events

VM Operations (20 events):
Event: 0.907 Executing VM operation: HandshakeAllThreads (Deoptimize)
Event: 0.907 Executing VM operation: HandshakeAllThreads (Deoptimize) done
Event: 0.913 Executing VM operation: HandshakeAllThreads (Deoptimize)
Event: 0.913 Executing VM operation: HandshakeAllThreads (Deoptimize) done
Event: 1.167 Executing VM operation: ICBufferFull
Event: 1.167 Executing VM operation: ICBufferFull done
Event: 1.173 Executing VM operation: G1CollectForAllocation (G1 Evacuation Pause)
Event: 1.178 Executing VM operation: G1CollectForAllocation (G1 Evacuation Pause) done
Event: 1.328 Executing VM operation: HandshakeAllThreads (Deoptimize)
Event: 1.328 Executing VM operation: HandshakeAllThreads (Deoptimize) done
Event: 1.787 Executing VM operation: ICBufferFull
Event: 1.787 Executing VM operation: ICBufferFull done
Event: 1.879 Executing VM operation: HandshakeAllThreads (Deoptimize)
Event: 1.879 Executing VM operation: HandshakeAllThreads (Deoptimize) done
Event: 1.884 Executing VM operation: HandshakeAllThreads (Deoptimize)
Event: 1.884 Executing VM operation: HandshakeAllThreads (Deoptimize) done
Event: 1.982 Executing VM operation: G1CollectForAllocation (G1 Evacuation Pause)
Event: 1.987 Executing VM operation: G1CollectForAllocation (G1 Evacuation Pause) done
Event: 2.165 Executing VM operation: HandshakeAllThreads (Deoptimize)
Event: 2.165 Executing VM operation: HandshakeAllThreads (Deoptimize) done

Events (16 events):
Event: 0.064 Thread 0x0000028e6f1bc720 Thread added: 0x0000028e6f1bc720
Event: 0.096 Thread 0x0000028e7fd7eac0 Thread added: 0x0000028e7fd7eac0
Event: 0.096 Thread 0x0000028e7fd80520 Thread added: 0x0000028e7fd80520
Event: 0.097 Thread 0x0000028e7fd85640 Thread added: 0x0000028e7fd85640
Event: 0.097 Thread 0x0000028e7fd86510 Thread added: 0x0000028e7fd86510
Event: 0.097 Thread 0x0000028e7fd89d80 Thread added: 0x0000028e7fd89d80
Event: 0.097 Thread 0x0000028e7fd8b8d0 Thread added: 0x0000028e7fd8b8d0
Event: 0.097 Thread 0x0000028e7fd8e380 Thread added: 0x0000028e7fd8e380
Event: 0.225 Thread 0x0000028e4b066900 Thread added: 0x0000028e4b066900
Event: 0.234 Thread 0x0000028e4b0c2490 Thread added: 0x0000028e4b0c2490
Event: 0.376 Thread 0x0000028e4b3fa0e0 Thread added: 0x0000028e4b3fa0e0
Event: 0.377 Thread 0x0000028e4b3fd840 Thread added: 0x0000028e4b3fd840
Event: 0.617 Thread 0x0000028e4b5b0f20 Thread added: 0x0000028e4b5b0f20
Event: 0.618 Thread 0x0000028e4b5bb5f0 Thread added: 0x0000028e4b5bb5f0
Event: 0.814 Thread 0x0000028e4b7aadd0 Thread added: 0x0000028e4b7aadd0
Event: 1.894 Thread 0x0000028e4bfb7c90 Thread added: 0x0000028e4bfb7c90


Dynamic libraries:
0x00007ff60fe40000 - 0x00007ff60fe50000 	C:\Users\kamja\.jdks\graalvm-jdk-21.0.7\bin\java.exe
0x00007ffd76740000 - 0x00007ffd769a0000 	C:\WINDOWS\SYSTEM32\ntdll.dll
0x00007ffd75920000 - 0x00007ffd759e7000 	C:\WINDOWS\System32\KERNEL32.DLL
0x00007ffd73920000 - 0x00007ffd73cea000 	C:\WINDOWS\System32\KERNELBASE.dll
0x00007ffd74330000 - 0x00007ffd7447b000 	C:\WINDOWS\System32\ucrtbase.dll
0x00007ffd55ec0000 - 0x00007ffd55ed9000 	C:\Users\kamja\.jdks\graalvm-jdk-21.0.7\bin\jli.dll
0x00007ffd54800000 - 0x00007ffd5481b000 	C:\Users\kamja\.jdks\graalvm-jdk-21.0.7\bin\VCRUNTIME140.dll
0x00007ffd75700000 - 0x00007ffd757b2000 	C:\WINDOWS\System32\ADVAPI32.dll
0x00007ffd74e80000 - 0x00007ffd74f29000 	C:\WINDOWS\System32\msvcrt.dll
0x00007ffd75d70000 - 0x00007ffd75e16000 	C:\WINDOWS\System32\sechost.dll
0x00007ffd75c50000 - 0x00007ffd75d66000 	C:\WINDOWS\System32\RPCRT4.dll
0x00007ffd75e20000 - 0x00007ffd75fec000 	C:\WINDOWS\System32\USER32.dll
0x00007ffd73da0000 - 0x00007ffd73dc7000 	C:\WINDOWS\System32\win32u.dll
0x00007ffd75a40000 - 0x00007ffd75a6a000 	C:\WINDOWS\System32\GDI32.dll
0x00007ffd741f0000 - 0x00007ffd74321000 	C:\WINDOWS\System32\gdi32full.dll
0x00007ffd73cf0000 - 0x00007ffd73d93000 	C:\WINDOWS\System32\msvcp_win.dll
0x00007ffd57ef0000 - 0x00007ffd58187000 	C:\WINDOWS\WinSxS\amd64_microsoft.windows.common-controls_6595b64144ccf1df_6.0.26100.3624_none_3e086962e3345f24\COMCTL32.dll
0x00007ffd69b10000 - 0x00007ffd69b1b000 	C:\WINDOWS\SYSTEM32\VERSION.dll
0x00007ffd75ff0000 - 0x00007ffd7601f000 	C:\WINDOWS\System32\IMM32.DLL
0x00007ffd63e30000 - 0x00007ffd63e3c000 	C:\Users\kamja\.jdks\graalvm-jdk-21.0.7\bin\vcruntime140_1.dll
0x00007ffd28fc0000 - 0x00007ffd2904e000 	C:\Users\kamja\.jdks\graalvm-jdk-21.0.7\bin\msvcp140.dll
0x00007ffcc7950000 - 0x00007ffcc8674000 	C:\Users\kamja\.jdks\graalvm-jdk-21.0.7\bin\server\jvm.dll
0x00007ffd754e0000 - 0x00007ffd75554000 	C:\WINDOWS\System32\WS2_32.dll
0x00007ffd73050000 - 0x00007ffd730ae000 	C:\WINDOWS\SYSTEM32\POWRPROF.dll
0x00007ffd6a920000 - 0x00007ffd6a956000 	C:\WINDOWS\SYSTEM32\WINMM.dll
0x00007ffd73030000 - 0x00007ffd73044000 	C:\WINDOWS\SYSTEM32\UMPDC.dll
0x00007ffd726f0000 - 0x00007ffd7270a000 	C:\WINDOWS\SYSTEM32\kernel.appcore.dll
0x00007ffd63b20000 - 0x00007ffd63b2a000 	C:\Users\kamja\.jdks\graalvm-jdk-21.0.7\bin\jimage.dll
0x00007ffd711c0000 - 0x00007ffd71401000 	C:\WINDOWS\SYSTEM32\DBGHELP.DLL
0x00007ffd74f30000 - 0x00007ffd752b2000 	C:\WINDOWS\System32\combase.dll
0x00007ffd75370000 - 0x00007ffd75446000 	C:\WINDOWS\System32\OLEAUT32.dll
0x00007ffd4f2f0000 - 0x00007ffd4f329000 	C:\WINDOWS\SYSTEM32\dbgcore.DLL
0x00007ffd73f40000 - 0x00007ffd73fd9000 	C:\WINDOWS\System32\bcryptPrimitives.dll
0x00007ffd4b6d0000 - 0x00007ffd4b6df000 	C:\Users\kamja\.jdks\graalvm-jdk-21.0.7\bin\instrument.dll
0x00007ffd54830000 - 0x00007ffd5484f000 	C:\Users\kamja\.jdks\graalvm-jdk-21.0.7\bin\java.dll
0x00007ffd74750000 - 0x00007ffd74e79000 	C:\WINDOWS\System32\SHELL32.dll
0x00007ffd73dd0000 - 0x00007ffd73f38000 	C:\WINDOWS\System32\wintypes.dll
0x00007ffd71580000 - 0x00007ffd71dd2000 	C:\WINDOWS\SYSTEM32\windows.storage.dll
0x00007ffd765f0000 - 0x00007ffd766dd000 	C:\WINDOWS\System32\SHCORE.dll
0x00007ffd76580000 - 0x00007ffd765e4000 	C:\WINDOWS\System32\shlwapi.dll
0x00007ffd73830000 - 0x00007ffd7385f000 	C:\WINDOWS\SYSTEM32\profapi.dll
0x00007ffd48310000 - 0x00007ffd48328000 	C:\Users\kamja\.jdks\graalvm-jdk-21.0.7\bin\zip.dll
0x00007ffd63b10000 - 0x00007ffd63b20000 	C:\Users\kamja\.jdks\graalvm-jdk-21.0.7\bin\net.dll
0x00007ffd6d000000 - 0x00007ffd6d11d000 	C:\WINDOWS\SYSTEM32\WINHTTP.dll
0x00007ffd72bf0000 - 0x00007ffd72c5a000 	C:\WINDOWS\system32\mswsock.dll
0x00007ffd48f60000 - 0x00007ffd48f76000 	C:\Users\kamja\.jdks\graalvm-jdk-21.0.7\bin\nio.dll
0x00007ffd4ad00000 - 0x00007ffd4ad1a000 	C:\Program Files\JetBrains\IntelliJ IDEA 2023.2.2\bin\breakgen64.dll
0x00007ffd62e90000 - 0x00007ffd62e99000 	C:\Users\kamja\.jdks\graalvm-jdk-21.0.7\bin\extnet.dll
0x00007ffd721f0000 - 0x00007ffd72315000 	C:\WINDOWS\SYSTEM32\DNSAPI.dll
0x00007ffd721b0000 - 0x00007ffd721e3000 	C:\WINDOWS\SYSTEM32\IPHLPAPI.DLL
0x00007ffd75360000 - 0x00007ffd7536a000 	C:\WINDOWS\System32\NSI.dll
0x00007ffd6a0f0000 - 0x00007ffd6a0fb000 	C:\Windows\System32\rasadhlp.dll
0x00007ffd6d3f0000 - 0x00007ffd6d475000 	C:\WINDOWS\System32\fwpuclnt.dll
0x00007ffd4fb80000 - 0x00007ffd4fb8a000 	C:\Users\kamja\.jdks\graalvm-jdk-21.0.7\bin\management.dll
0x00007ffd4e9f0000 - 0x00007ffd4e9fb000 	C:\Users\kamja\.jdks\graalvm-jdk-21.0.7\bin\management_ext.dll
0x00007ffd766f0000 - 0x00007ffd766f8000 	C:\WINDOWS\System32\PSAPI.DLL
0x00007ffd730c0000 - 0x00007ffd730dc000 	C:\WINDOWS\SYSTEM32\CRYPTSP.dll
0x00007ffd72650000 - 0x00007ffd7268a000 	C:\WINDOWS\system32\rsaenh.dll
0x00007ffd72c90000 - 0x00007ffd72cbb000 	C:\WINDOWS\SYSTEM32\USERENV.dll
0x00007ffd73800000 - 0x00007ffd73826000 	C:\WINDOWS\SYSTEM32\bcrypt.dll
0x00007ffd72f80000 - 0x00007ffd72f8c000 	C:\WINDOWS\SYSTEM32\CRYPTBASE.dll
0x00007ffd4a190000 - 0x00007ffd4a1a8000 	C:\WINDOWS\system32\napinsp.dll
0x00007ffd4a170000 - 0x00007ffd4a182000 	C:\WINDOWS\System32\winrnr.dll
0x00007ffd4a130000 - 0x00007ffd4a160000 	C:\WINDOWS\system32\nlansp_c.dll
0x00007ffd6a1c0000 - 0x00007ffd6a1d6000 	C:\WINDOWS\system32\wshbth.dll

dbghelp: loaded successfully - version: 4.0.5 - missing functions: none
symbol engine: initialized successfully - sym options: 0x614 - pdb path: .;C:\Users\kamja\.jdks\graalvm-jdk-21.0.7\bin;C:\WINDOWS\SYSTEM32;C:\WINDOWS\WinSxS\amd64_microsoft.windows.common-controls_6595b64144ccf1df_6.0.26100.3624_none_3e086962e3345f24;C:\Users\kamja\.jdks\graalvm-jdk-21.0.7\bin\server;C:\Program Files\JetBrains\IntelliJ IDEA 2023.2.2\bin

VM Arguments:
jvm_args: -XX:ThreadPriorityPolicy=1 -XX:+UnlockExperimentalVMOptions -XX:+EnableJVMCIProduct -XX:-UnlockExperimentalVMOptions -XX:TieredStopAtLevel=1 -Dspring.output.ansi.enabled=always -Dcom.sun.management.jmxremote -Dspring.jmx.enabled=true -Dspring.liveBeansView.mbeanDomain -Dspring.application.admin.enabled=true -Dmanagement.endpoints.jmx.exposure.include=* -javaagent:C:\Program Files\JetBrains\IntelliJ IDEA 2023.2.2\lib\idea_rt.jar=49383:C:\Program Files\JetBrains\IntelliJ IDEA 2023.2.2\bin -Dfile.encoding=UTF-8 -Dsun.stdout.encoding=UTF-8 -Dsun.stderr.encoding=UTF-8 
java_command: com.mywork.chatbot.ChatBotApplication
java_class_path (initial): C:\Users\kamja\Documents\GitHub\ChatBot_pj2\target\classes;C:\Users\kamja\.m2\repository\org\springframework\boot\spring-boot-starter-web\3.5.3\spring-boot-starter-web-3.5.3.jar;C:\Users\kamja\.m2\repository\org\springframework\boot\spring-boot-starter\3.5.3\spring-boot-starter-3.5.3.jar;C:\Users\kamja\.m2\repository\org\springframework\boot\spring-boot\3.5.3\spring-boot-3.5.3.jar;C:\Users\kamja\.m2\repository\org\springframework\boot\spring-boot-autoconfigure\3.5.3\spring-boot-autoconfigure-3.5.3.jar;C:\Users\kamja\.m2\repository\org\springframework\boot\spring-boot-starter-logging\3.5.3\spring-boot-starter-logging-3.5.3.jar;C:\Users\kamja\.m2\repository\ch\qos\logback\logback-classic\1.5.18\logback-classic-1.5.18.jar;C:\Users\kamja\.m2\repository\ch\qos\logback\logback-core\1.5.18\logback-core-1.5.18.jar;C:\Users\kamja\.m2\repository\org\apache\logging\log4j\log4j-to-slf4j\2.24.3\log4j-to-slf4j-2.24.3.jar;C:\Users\kamja\.m2\repository\org\apache\logging\log4j\log4j-api\2.24.3\log4j-api-2.24.3.jar;C:\Users\kamja\.m2\repository\org\slf4j\jul-to-slf4j\2.0.17\jul-to-slf4j-2.0.17.jar;C:\Users\kamja\.m2\repository\jakarta\annotation\jakarta.annotation-api\2.1.1\jakarta.annotation-api-2.1.1.jar;C:\Users\kamja\.m2\repository\org\yaml\snakeyaml\2.4\snakeyaml-2.4.jar;C:\Users\kamja\.m2\repository\org\springframework\boot\spring-boot-starter-json\3.5.3\spring-boot-starter-json-3.5.3.jar;C:\Users\kamja\.m2\repository\com\fasterxml\jackson\core\jackson-databind\2.19.1\jackson-databind-2.19.1.jar;C:\Users\kamja\.m2\repository\com\fasterxml\jackson\core\jackson-annotations\2.19.1\jackson-annotations-2.19.1.jar;C:\Users\kamja\.m2\repository\com\fasterxml\jackson\core\jackson-core\2.19.1\jackson-core-2.19.1.jar;C:\Users\kamja\.m2\repository\com\fasterxml\jackson\datatype\jackson-datatype-jdk8\2.19.1\jackson-datatype-jdk8-2.19.1.jar;C:\Users\kamja\.m2\repository\com\fasterxml\jackson\datatype\jackson-datatype-jsr310\2.19.1\jackson-datatype-jsr310-2.19.1.jar;C:\Users\kamja\.m2\repository\com\fasterxml\jackson\module\jackson-module-parameter-names\2.19.1\jackson-module-parameter-names-2.19.1.jar;C:\Users\kamja\.m2\repository\org\springframework\boot\spring-boot-starter-tomcat\3.5.3\spring-boot-starter-tomcat-3.5.3.jar;C:\Users\kamja\.m2\repository\org\apache\tomcat\embed\tomcat-embed-core\10.1.42\tomcat-embed-core-10.1.42.jar;C:\Users\kamja\.m2\repository\org\apache\tomcat\embed\tomcat-embed-el\10.1.42\tomcat-embed-el-10.1.42.jar;C:\Users\kamja\.m2\repository\org\apache\tomcat\embed\tomcat-embed-websocket\10.1.42\tomcat-embed-websocket-10.1.42.jar;C:\Users\kamja\.m2\repository\org\springframework\spring-web\6.2.8\spring-web-6.2.8.jar;C:\Users\kamja\.m2\repository\org\springframework\spring-beans\6.2.8\spring-beans-6.2.8.jar;C:\Users\kamja\.m2\repository\io\micrometer\micrometer-observation\1.15.1\micrometer-observation-1.15.1.jar;C:\Users\kamja\.m2\repository\io\micrometer\micrometer-commons\1.15.1\micrometer-commons-1.15.1.jar;C:\Users\kamja\.m2\repository\org\springframework\spring-webmvc\6.2.8\spring-webmvc-6.2.8.jar;C:\Users\kamja\.m2\repository\org\springframework\spring-aop\6.2.8\spring-aop-6.2.8.jar;C:\Users\kamja\.m2\repository\org\springframework\spring-context\6.2.8\spring-context-6.2.8.jar;C:\Users\kamja\.m2\repository\org\springframework\spring-expression\6.2.8\spring-expression-6.2.8.jar;C:\Users\kamja\.m2\repository\org\springframework\boot\spring-boot-starter-webflux\3.5.3\spring-boot-starter-webflux-3.5.3.jar;C:\Users\kamja\.m2\repository\org\springframework\boot\spring-boot-starter-reactor-netty\3.5.3\spring-boot-starter-reactor-netty-3.5.3.jar;C:\Users\kamja\.m2\repository\io\projectreactor\netty\reactor-netty-http\1.2.7\reactor-netty-http-1.2.7.jar;C:\Users\kamja\.m2\repository\io\netty\netty-codec-http\4.1.122.Final\netty-codec-http-4.1.122.Final.jar;C:\Users\kamja\.m2\repository\io\netty\netty-common\4.1.122.Final\netty-common-4.1.122.Final.jar;C:\Users\kamja\.m2\repository\io\netty\netty-buffer\4.1.122.Final\netty-buffer-4.1.122.Final.jar;C:\Users\kamja\.m2\repository\io\netty\netty-transport\4.1.122.Final\netty-transport-4.1.122.Final.jar;C:\Users\kamja\.m2\repository\io\netty\netty-codec\4.1.122.Final\netty-codec-4.1.122.Final.jar;C:\Users\kamja\.m2\repository\io\netty\netty-handler\4.1.122.Final\netty-handler-4.1.122.Final.jar;C:\Users\kamja\.m2\repository\io\netty\netty-codec-http2\4.1.122.Final\netty-codec-http2-4.1.122.Final.jar;C:\Users\kamja\.m2\repository\io\netty\netty-resolver-dns\4.1.122.Final\netty-resolver-dns-4.1.122.Final.jar;C:\Users\kamja\.m2\repository\io\netty\netty-resolver\4.1.122.Final\netty-resolver-4.1.122.Final.jar;C:\Users\kamja\.m2\repository\io\netty\netty-codec-dns\4.1.122.Final\netty-codec-dns-4.1.122.Final.jar;C:\Users\kamja\.m2\repository\io\netty\netty-resolver-dns-native-macos\4.1.122.Final\netty-resolver-dns-native-macos-4.1.122.Final-osx-x86_64.jar;C:\Users\kamja\.m2\repository\io\netty\netty-resolver-dns-classes-macos\4.1.122.Final\netty-resolver-dns-classes-macos-4.1.122.Final.jar;C:\Users\kamja\.m2\repository\io\netty\netty-transport-native-epoll\4.1.122.Final\netty-transport-native-epoll-4.1.122.Final-linux-x86_64.jar;C:\Users\kamja\.m2\repository\io\netty\netty-transport-native-unix-common\4.1.122.Final\netty-transport-native-unix-common-4.1.122.Final.jar;C:\Users\kamja\.m2\repository\io\netty\netty-transport-classes-epoll\4.1.122.Final\netty-transport-classes-epoll-4.1.122.Final.jar;C:\Users\kamja\.m2\repository\io\projectreactor\netty\reactor-netty-core\1.2.7\reactor-netty-core-1.2.7.jar;C:\Users\kamja\.m2\repository\io\netty\netty-handler-proxy\4.1.122.Final\netty-handler-proxy-4.1.122.Final.jar;C:\Users\kamja\.m2\repository\io\netty\netty-codec-socks\4.1.122.Final\netty-codec-socks-4.1.122.Final.jar;C:\Users\kamja\.m2\repository\org\springframework\spring-webflux\6.2.8\spring-webflux-6.2.8.jar;C:\Users\kamja\.m2\repository\org\slf4j\slf4j-api\2.0.17\slf4j-api-2.0.17.jar;C:\Users\kamja\.m2\repository\org\springframework\spring-core\6.2.8\spring-core-6.2.8.jar;C:\Users\kamja\.m2\repository\org\springframework\spring-jcl\6.2.8\spring-jcl-6.2.8.jar;C:\Users\kamja\.m2\repository\io\projectreactor\reactor-core\3.7.7\reactor-core-3.7.7.jar;C:\Users\kamja\.m2\repository\org\reactivestreams\reactive-streams\1.0.4\reactive-streams-1.0.4.jar;C:\Users\kamja\.m2\repository\org\springframework\boot\spring-boot-starter-thymeleaf\3.5.3\spring-boot-starter-thymeleaf-3.5.3.jar;C:\Users\kamja\.m2\repository\org\thymeleaf\thymeleaf-spring6\3.1.3.RELEASE\thymeleaf-spring6-3.1.3.RELEASE.jar;C:\Users\kamja\.m2\repository\org\thymeleaf\thymeleaf\3.1.3.RELEASE\thymeleaf-3.1.3.RELEASE.jar;C:\Users\kamja\.m2\repository\org\attoparser\attoparser\2.0.7.RELEASE\attoparser-2.0.7.RELEASE.jar;C:\Users\kamja\.m2\repository\org\unbescape\unbescape\1.1.6.RELEASE\unbescape-1.1.6.RELEASE.jar
Launcher Type: SUN_STANDARD

[Global flags]
     intx CICompilerCount                          = 4                                         {product} {ergonomic}
     uint ConcGCThreads                            = 2                                         {product} {ergonomic}
     bool EnableJVMCIProduct                       = true                                {JVMCI product} {jimage}
     uint G1ConcRefinementThreads                  = 8                                         {product} {ergonomic}
   size_t G1HeapRegionSize                         = 2097152                                   {product} {ergonomic}
    uintx GCDrainStackTargetSize                   = 64                                        {product} {ergonomic}
   size_t InitialHeapSize                          = 264241152                                 {product} {ergonomic}
     bool ManagementServer                         = true                                      {product} {command line}
   size_t MarkStackSize                            = 4194304                                   {product} {ergonomic}
   size_t MaxHeapSize                              = 4211081216                                {product} {ergonomic}
   size_t MaxNewSize                               = 2524971008                                {product} {ergonomic}
   size_t MinHeapDeltaBytes                        = 2097152                                   {product} {ergonomic}
   size_t MinHeapSize                              = 8388608                                   {product} {ergonomic}
    uintx NonNMethodCodeHeapSize                   = 4096                                   {pd product} {ergonomic}
    uintx NonProfiledCodeHeapSize                  = 0                                      {pd product} {ergonomic}
     bool ProfileInterpreter                       = false                                  {pd product} {command line}
    uintx ProfiledCodeHeapSize                     = 0                                      {pd product} {ergonomic}
   size_t SoftMaxHeapSize                          = 4211081216                             {manageable} {ergonomic}
      int ThreadPriorityPolicy                     = 1                                         {product} {jimage}
     intx TieredStopAtLevel                        = 1                                         {product} {command line}
     bool UseCompressedOops                        = true                           {product lp64_product} {ergonomic}
     bool UseG1GC                                  = true                                      {product} {ergonomic}
     bool UseLargePagesIndividualAllocation        = false                                  {pd product} {ergonomic}

Logging:
Log output configuration:
 #0: stdout all=warning uptime,level,tags foldmultilines=false
 #1: stderr all=off uptime,level,tags foldmultilines=false

Environment Variables:
JAVA_HOME=C:\Program Files\Java\jdk-17
CLASSPATH=C:\Program Files\Java\jdk-17\lib
PATH=C:\Program Files\Java\jdk-21;C:\Program Files\MySQL\MySQL Server 8.0\bin;C:\Program Files\Docker\Docker\resources\bin;C:\Program Files\Java\jdk-17\bin\;C:\Program Files\Git\cmd;C:\Program Files\Apache\Maven\apache-maven-3.8.8\bin;C:\Program Files\nodejs\;C:\Users\kamja\AppData\Local\Programs\Python\Python38\Scripts\;C:\Users\kamja\AppData\Local\Programs\Python\Python38\;C:\Program Files\MySQL\MySQL Shell 8.0\bin\;C:\Users\kamja\AppData\Local\Microsoft\WindowsApps;C:\Users\kamja\AppData\Local\GitHubDesktop\bin;C:\mingw64\bin;C:\Users\kamja\miniconda3\envs\boostcourse\Scripts;C:\Program Files\Java\jdk-17;C:\Program Files\JetBrains\IntelliJ IDEA 2023.2.2\bin;;C:\Users\kamja\AppData\Local\Programs\Microsoft VS Code\bin;C:\venvs;C:\Users\kamja\AppData\Local\Microsoft\WindowsApps;C:\Program Files (x86)\sf\bin;C:\Users\kamja\AppData\Roaming\npm
USERNAME=kamja
OS=Windows_NT
PROCESSOR_IDENTIFIER=Intel64 Family 6 Model 140 Stepping 1, GenuineIntel
TMP=C:\Users\kamja\AppData\Local\Temp
TEMP=C:\Users\kamja\AppData\Local\Temp




Periodic native trim disabled

---------------  S Y S T E M  ---------------

OS:
 Windows 11 , 64 bit Build 26100 (10.0.26100.3775)
OS uptime: 0 days 2:45 hours
Hyper-V role detected

CPU: total 8 (initial active 8) (4 cores per cpu, 2 threads per core) family 6 model 140 stepping 1 microcode 0xb4, cx8, cmov, fxsr, ht, mmx, 3dnowpref, sse, sse2, sse3, ssse3, sse4.1, sse4.2, popcnt, lzcnt, tsc, tscinvbit, avx, avx2, aes, erms, clmul, bmi1, bmi2, adx, avx512f, avx512dq, avx512cd, avx512bw, avx512vl, sha, fma, vzeroupper, avx512_vpopcntdq, avx512_vpclmulqdq, avx512_vaes, avx512_vnni, clflush, clflushopt, clwb, avx512_vbmi2, avx512_vbmi, hv, rdtscp, rdpid, fsrm, gfni, avx512_bitalg, f16c, cet_ibt, cet_ss, avx512_ifma
Processor Information for processor 0
  Max Mhz: 2419, Current Mhz: 2419, Mhz Limit: 2419
Processor Information for processor 1
  Max Mhz: 2419, Current Mhz: 2419, Mhz Limit: 2419
Processor Information for processor 2
  Max Mhz: 2419, Current Mhz: 2419, Mhz Limit: 2419
Processor Information for processor 3
  Max Mhz: 2419, Current Mhz: 2419, Mhz Limit: 2419
Processor Information for processor 4
  Max Mhz: 2419, Current Mhz: 1007, Mhz Limit: 2419
Processor Information for processor 5
  Max Mhz: 2419, Current Mhz: 2419, Mhz Limit: 2419
Processor Information for processor 6
  Max Mhz: 2419, Current Mhz: 2419, Mhz Limit: 2419
Processor Information for processor 7
  Max Mhz: 2419, Current Mhz: 2419, Mhz Limit: 2419

Memory: 4k page, system-wide physical 16057M (1838M free)
TotalPageFile size 31750M (AvailPageFile size 29M)
current process WorkingSet (physical memory assigned to process): 111M, peak: 111M
current process commit charge ("private bytes"): 366M, peak: 366M

vm_info: Java HotSpot(TM) 64-Bit Server VM (21.0.7+8-LTS-jvmci-23.1-b60) for windows-amd64 JRE (21.0.7+8-LTS-jvmci-23.1-b60), built on 2025-02-26T11:58:54Z by "OCIWIN11Buildbot" with MS VC++ 17.6 (VS2022)

END.
